This is pdfTeX, Version 3.14159265-2.6-1.40.15 (TeX Live 2015/dev/Debian) (preloaded format=pdflatex 2015.5.5)  23 AUG 2015 23:36
entering extended mode
 restricted \write18 enabled.
 %&-line parsing enabled.
**Ausarbeitung.tex
(./Ausarbeitung.tex
LaTeX2e <2014/05/01>
Babel <3.9l> and hyphenation patterns for 9 languages loaded.
(/usr/share/texlive/texmf-dist/tex/latex/base/article.cls
Document Class: article 2014/09/29 v1.4h Standard LaTeX document class
(/usr/share/texlive/texmf-dist/tex/latex/base/size12.clo
File: size12.clo 2014/09/29 v1.4h Standard LaTeX file (size option)
)
\c@part=\count79
\c@section=\count80
\c@subsection=\count81
\c@subsubsection=\count82
\c@paragraph=\count83
\c@subparagraph=\count84
\c@figure=\count85
\c@table=\count86
\abovecaptionskip=\skip41
\belowcaptionskip=\skip42
\bibindent=\dimen102
)
(/usr/share/texlive/texmf-dist/tex/generic/babel/babel.sty
Package: babel 2014/09/25 3.9l The Babel package

(/usr/share/texlive/texmf-dist/tex/generic/babel-german/ngerman.ldf
Language: ngerman 2013/12/13 v2.7 German support for babel (new orthography)

(/usr/share/texlive/texmf-dist/tex/generic/babel-german/ngermanb.ldf
Language: ngermanb 2013/12/13 v2.7 German support for babel (new orthography)

(/usr/share/texlive/texmf-dist/tex/generic/babel/babel.def
File: babel.def 2014/09/25 3.9l Babel common definitions
\babel@savecnt=\count87
\U@D=\dimen103
)
\l@naustrian = a dialect from \language\l@ngerman 
\l@nswissgerman = a dialect from \language\l@ngerman 
Package babel Info: Making " an active character on input line 88.
)))
(/usr/share/texlive/texmf-dist/tex/latex/base/inputenc.sty
Package: inputenc 2014/04/30 v1.2b Input encoding file
\inpenc@prehook=\toks14
\inpenc@posthook=\toks15

(/usr/share/texlive/texmf-dist/tex/latex/base/utf8.def
File: utf8.def 2014/09/29 v1.1m UTF-8 support for inputenc
Now handling font encoding OML ...
... no UTF-8 mapping file for font encoding OML
Now handling font encoding T1 ...
... processing UTF-8 mapping file for font encoding T1

(/usr/share/texlive/texmf-dist/tex/latex/base/t1enc.dfu
File: t1enc.dfu 2014/09/29 v1.1m UTF-8 support for inputenc
   defining Unicode char U+00A1 (decimal 161)
   defining Unicode char U+00A3 (decimal 163)
   defining Unicode char U+00AB (decimal 171)
   defining Unicode char U+00BB (decimal 187)
   defining Unicode char U+00BF (decimal 191)
   defining Unicode char U+00C0 (decimal 192)
   defining Unicode char U+00C1 (decimal 193)
   defining Unicode char U+00C2 (decimal 194)
   defining Unicode char U+00C3 (decimal 195)
   defining Unicode char U+00C4 (decimal 196)
   defining Unicode char U+00C5 (decimal 197)
   defining Unicode char U+00C6 (decimal 198)
   defining Unicode char U+00C7 (decimal 199)
   defining Unicode char U+00C8 (decimal 200)
   defining Unicode char U+00C9 (decimal 201)
   defining Unicode char U+00CA (decimal 202)
   defining Unicode char U+00CB (decimal 203)
   defining Unicode char U+00CC (decimal 204)
   defining Unicode char U+00CD (decimal 205)
   defining Unicode char U+00CE (decimal 206)
   defining Unicode char U+00CF (decimal 207)
   defining Unicode char U+00D0 (decimal 208)
   defining Unicode char U+00D1 (decimal 209)
   defining Unicode char U+00D2 (decimal 210)
   defining Unicode char U+00D3 (decimal 211)
   defining Unicode char U+00D4 (decimal 212)
   defining Unicode char U+00D5 (decimal 213)
   defining Unicode char U+00D6 (decimal 214)
   defining Unicode char U+00D8 (decimal 216)
   defining Unicode char U+00D9 (decimal 217)
   defining Unicode char U+00DA (decimal 218)
   defining Unicode char U+00DB (decimal 219)
   defining Unicode char U+00DC (decimal 220)
   defining Unicode char U+00DD (decimal 221)
   defining Unicode char U+00DE (decimal 222)
   defining Unicode char U+00DF (decimal 223)
   defining Unicode char U+00E0 (decimal 224)
   defining Unicode char U+00E1 (decimal 225)
   defining Unicode char U+00E2 (decimal 226)
   defining Unicode char U+00E3 (decimal 227)
   defining Unicode char U+00E4 (decimal 228)
   defining Unicode char U+00E5 (decimal 229)
   defining Unicode char U+00E6 (decimal 230)
   defining Unicode char U+00E7 (decimal 231)
   defining Unicode char U+00E8 (decimal 232)
   defining Unicode char U+00E9 (decimal 233)
   defining Unicode char U+00EA (decimal 234)
   defining Unicode char U+00EB (decimal 235)
   defining Unicode char U+00EC (decimal 236)
   defining Unicode char U+00ED (decimal 237)
   defining Unicode char U+00EE (decimal 238)
   defining Unicode char U+00EF (decimal 239)
   defining Unicode char U+00F0 (decimal 240)
   defining Unicode char U+00F1 (decimal 241)
   defining Unicode char U+00F2 (decimal 242)
   defining Unicode char U+00F3 (decimal 243)
   defining Unicode char U+00F4 (decimal 244)
   defining Unicode char U+00F5 (decimal 245)
   defining Unicode char U+00F6 (decimal 246)
   defining Unicode char U+00F8 (decimal 248)
   defining Unicode char U+00F9 (decimal 249)
   defining Unicode char U+00FA (decimal 250)
   defining Unicode char U+00FB (decimal 251)
   defining Unicode char U+00FC (decimal 252)
   defining Unicode char U+00FD (decimal 253)
   defining Unicode char U+00FE (decimal 254)
   defining Unicode char U+00FF (decimal 255)
   defining Unicode char U+0102 (decimal 258)
   defining Unicode char U+0103 (decimal 259)
   defining Unicode char U+0104 (decimal 260)
   defining Unicode char U+0105 (decimal 261)
   defining Unicode char U+0106 (decimal 262)
   defining Unicode char U+0107 (decimal 263)
   defining Unicode char U+010C (decimal 268)
   defining Unicode char U+010D (decimal 269)
   defining Unicode char U+010E (decimal 270)
   defining Unicode char U+010F (decimal 271)
   defining Unicode char U+0110 (decimal 272)
   defining Unicode char U+0111 (decimal 273)
   defining Unicode char U+0118 (decimal 280)
   defining Unicode char U+0119 (decimal 281)
   defining Unicode char U+011A (decimal 282)
   defining Unicode char U+011B (decimal 283)
   defining Unicode char U+011E (decimal 286)
   defining Unicode char U+011F (decimal 287)
   defining Unicode char U+0130 (decimal 304)
   defining Unicode char U+0131 (decimal 305)
   defining Unicode char U+0132 (decimal 306)
   defining Unicode char U+0133 (decimal 307)
   defining Unicode char U+0139 (decimal 313)
   defining Unicode char U+013A (decimal 314)
   defining Unicode char U+013D (decimal 317)
   defining Unicode char U+013E (decimal 318)
   defining Unicode char U+0141 (decimal 321)
   defining Unicode char U+0142 (decimal 322)
   defining Unicode char U+0143 (decimal 323)
   defining Unicode char U+0144 (decimal 324)
   defining Unicode char U+0147 (decimal 327)
   defining Unicode char U+0148 (decimal 328)
   defining Unicode char U+014A (decimal 330)
   defining Unicode char U+014B (decimal 331)
   defining Unicode char U+0150 (decimal 336)
   defining Unicode char U+0151 (decimal 337)
   defining Unicode char U+0152 (decimal 338)
   defining Unicode char U+0153 (decimal 339)
   defining Unicode char U+0154 (decimal 340)
   defining Unicode char U+0155 (decimal 341)
   defining Unicode char U+0158 (decimal 344)
   defining Unicode char U+0159 (decimal 345)
   defining Unicode char U+015A (decimal 346)
   defining Unicode char U+015B (decimal 347)
   defining Unicode char U+015E (decimal 350)
   defining Unicode char U+015F (decimal 351)
   defining Unicode char U+0160 (decimal 352)
   defining Unicode char U+0161 (decimal 353)
   defining Unicode char U+0162 (decimal 354)
   defining Unicode char U+0163 (decimal 355)
   defining Unicode char U+0164 (decimal 356)
   defining Unicode char U+0165 (decimal 357)
   defining Unicode char U+016E (decimal 366)
   defining Unicode char U+016F (decimal 367)
   defining Unicode char U+0170 (decimal 368)
   defining Unicode char U+0171 (decimal 369)
   defining Unicode char U+0178 (decimal 376)
   defining Unicode char U+0179 (decimal 377)
   defining Unicode char U+017A (decimal 378)
   defining Unicode char U+017B (decimal 379)
   defining Unicode char U+017C (decimal 380)
   defining Unicode char U+017D (decimal 381)
   defining Unicode char U+017E (decimal 382)
   defining Unicode char U+200C (decimal 8204)
   defining Unicode char U+2013 (decimal 8211)
   defining Unicode char U+2014 (decimal 8212)
   defining Unicode char U+2018 (decimal 8216)
   defining Unicode char U+2019 (decimal 8217)
   defining Unicode char U+201A (decimal 8218)
   defining Unicode char U+201C (decimal 8220)
   defining Unicode char U+201D (decimal 8221)
   defining Unicode char U+201E (decimal 8222)
   defining Unicode char U+2030 (decimal 8240)
   defining Unicode char U+2031 (decimal 8241)
   defining Unicode char U+2039 (decimal 8249)
   defining Unicode char U+203A (decimal 8250)
   defining Unicode char U+2423 (decimal 9251)
)
Now handling font encoding OT1 ...
... processing UTF-8 mapping file for font encoding OT1

(/usr/share/texlive/texmf-dist/tex/latex/base/ot1enc.dfu
File: ot1enc.dfu 2014/09/29 v1.1m UTF-8 support for inputenc
   defining Unicode char U+00A1 (decimal 161)
   defining Unicode char U+00A3 (decimal 163)
   defining Unicode char U+00B8 (decimal 184)
   defining Unicode char U+00BF (decimal 191)
   defining Unicode char U+00C5 (decimal 197)
   defining Unicode char U+00C6 (decimal 198)
   defining Unicode char U+00D8 (decimal 216)
   defining Unicode char U+00DF (decimal 223)
   defining Unicode char U+00E6 (decimal 230)
   defining Unicode char U+00EC (decimal 236)
   defining Unicode char U+00ED (decimal 237)
   defining Unicode char U+00EE (decimal 238)
   defining Unicode char U+00EF (decimal 239)
   defining Unicode char U+00F8 (decimal 248)
   defining Unicode char U+0131 (decimal 305)
   defining Unicode char U+0141 (decimal 321)
   defining Unicode char U+0142 (decimal 322)
   defining Unicode char U+0152 (decimal 338)
   defining Unicode char U+0153 (decimal 339)
   defining Unicode char U+2013 (decimal 8211)
   defining Unicode char U+2014 (decimal 8212)
   defining Unicode char U+2018 (decimal 8216)
   defining Unicode char U+2019 (decimal 8217)
   defining Unicode char U+201C (decimal 8220)
   defining Unicode char U+201D (decimal 8221)
)
Now handling font encoding OMS ...
... processing UTF-8 mapping file for font encoding OMS

(/usr/share/texlive/texmf-dist/tex/latex/base/omsenc.dfu
File: omsenc.dfu 2014/09/29 v1.1m UTF-8 support for inputenc
   defining Unicode char U+00A7 (decimal 167)
   defining Unicode char U+00B6 (decimal 182)
   defining Unicode char U+00B7 (decimal 183)
   defining Unicode char U+2020 (decimal 8224)
   defining Unicode char U+2021 (decimal 8225)
   defining Unicode char U+2022 (decimal 8226)
)
Now handling font encoding OMX ...
... no UTF-8 mapping file for font encoding OMX
Now handling font encoding U ...
... no UTF-8 mapping file for font encoding U
   defining Unicode char U+00A9 (decimal 169)
   defining Unicode char U+00AA (decimal 170)
   defining Unicode char U+00AE (decimal 174)
   defining Unicode char U+00BA (decimal 186)
   defining Unicode char U+02C6 (decimal 710)
   defining Unicode char U+02DC (decimal 732)
   defining Unicode char U+200C (decimal 8204)
   defining Unicode char U+2026 (decimal 8230)
   defining Unicode char U+2122 (decimal 8482)
   defining Unicode char U+2423 (decimal 9251)
))
(/usr/share/texlive/texmf-dist/tex/latex/base/fontenc.sty
Package: fontenc 2005/09/27 v1.99g Standard LaTeX package

(/usr/share/texlive/texmf-dist/tex/latex/base/t1enc.def
File: t1enc.def 2005/09/27 v1.99g Standard LaTeX file
LaTeX Font Info:    Redeclaring font encoding T1 on input line 43.
))
(/usr/share/texlive/texmf-dist/tex/latex/graphics/color.sty
Package: color 2014/04/23 v1.1a Standard LaTeX Color (DPC)

(/usr/share/texlive/texmf-dist/tex/latex/latexconfig/color.cfg
File: color.cfg 2007/01/18 v1.5 color configuration of teTeX/TeXLive
)
Package color Info: Driver file: pdftex.def on input line 137.

(/usr/share/texlive/texmf-dist/tex/latex/pdftex-def/pdftex.def
File: pdftex.def 2011/05/27 v0.06d Graphics/color for pdfTeX

(/usr/share/texlive/texmf-dist/tex/generic/oberdiek/infwarerr.sty
Package: infwarerr 2010/04/08 v1.3 Providing info/warning/error messages (HO)
)
(/usr/share/texlive/texmf-dist/tex/generic/oberdiek/ltxcmds.sty
Package: ltxcmds 2011/11/09 v1.22 LaTeX kernel commands for general use (HO)
)
\Gread@gobject=\count88
))
(/usr/share/texlive/texmf-dist/tex/latex/xcolor/xcolor.sty
Package: xcolor 2007/01/21 v2.11 LaTeX color extensions (UK)

(/usr/share/texlive/texmf-dist/tex/latex/latexconfig/color.cfg
File: color.cfg 2007/01/18 v1.5 color configuration of teTeX/TeXLive
)
Package xcolor Info: Driver file: pdftex.def on input line 225.
LaTeX Info: Redefining \color on input line 702.
Package xcolor Info: Model `cmy' substituted by `cmy0' on input line 1337.
Package xcolor Info: Model `hsb' substituted by `rgb' on input line 1341.
Package xcolor Info: Model `RGB' extended on input line 1353.
Package xcolor Info: Model `HTML' substituted by `rgb' on input line 1355.
Package xcolor Info: Model `Hsb' substituted by `hsb' on input line 1356.
Package xcolor Info: Model `tHsb' substituted by `hsb' on input line 1357.
Package xcolor Info: Model `HSB' substituted by `hsb' on input line 1358.
Package xcolor Info: Model `Gray' substituted by `gray' on input line 1359.
Package xcolor Info: Model `wave' substituted by `hsb' on input line 1360.
)
(/usr/share/texlive/texmf-dist/tex/latex/colortbl/colortbl.sty
Package: colortbl 2012/02/13 v1.0a Color table columns (DPC)

(/usr/share/texlive/texmf-dist/tex/latex/tools/array.sty
Package: array 2014/10/28 v2.4c Tabular extension package (FMi)
\col@sep=\dimen104
\extrarowheight=\dimen105
\NC@list=\toks16
\extratabsurround=\skip43
\backup@length=\skip44
)
\everycr=\toks17
\minrowclearance=\skip45
) (./fancyhdr.sty
\fancy@headwidth=\skip46
\f@ncyO@elh=\skip47
\f@ncyO@erh=\skip48
\f@ncyO@olh=\skip49
\f@ncyO@orh=\skip50
\f@ncyO@elf=\skip51
\f@ncyO@erf=\skip52
\f@ncyO@olf=\skip53
\f@ncyO@orf=\skip54
)
(/usr/share/texlive/texmf-dist/tex/latex/fancybox/fancybox.sty
Package: fancybox 2010/05/15 1.4

Style option: `fancybox' v1.4 <2010/05/15> (tvz)
\@fancybox=\box26
\shadowsize=\dimen106
\@Sbox=\box27
\do@VerbBox=\toks18
\the@fancyput=\toks19
\this@fancyput=\toks20
\EndVerbatimTokens=\toks21
\Verbatim@Outfile=\write3
\Verbatim@Infile=\read1
) (/usr/share/texlive/texmf-dist/tex/latex/graphics/graphicx.sty
Package: graphicx 2014/04/25 v1.0g Enhanced LaTeX Graphics (DPC,SPQR)

(/usr/share/texlive/texmf-dist/tex/latex/graphics/keyval.sty
Package: keyval 2014/05/08 v1.15 key=value parser (DPC)
\KV@toks@=\toks22
)
(/usr/share/texlive/texmf-dist/tex/latex/graphics/graphics.sty
Package: graphics 2009/02/05 v1.0o Standard LaTeX Graphics (DPC,SPQR)

(/usr/share/texlive/texmf-dist/tex/latex/graphics/trig.sty
Package: trig 1999/03/16 v1.09 sin cos tan (DPC)
)
(/usr/share/texlive/texmf-dist/tex/latex/latexconfig/graphics.cfg
File: graphics.cfg 2010/04/23 v1.9 graphics configuration of TeX Live
)
Package graphics Info: Driver file: pdftex.def on input line 91.
)
\Gin@req@height=\dimen107
\Gin@req@width=\dimen108
)
(/usr/share/texlive/texmf-dist/tex/latex/geometry/geometry.sty
Package: geometry 2010/09/12 v5.6 Page Geometry

(/usr/share/texlive/texmf-dist/tex/generic/oberdiek/ifpdf.sty
Package: ifpdf 2011/01/30 v2.3 Provides the ifpdf switch (HO)
Package ifpdf Info: pdfTeX in PDF mode is detected.
)
(/usr/share/texlive/texmf-dist/tex/generic/oberdiek/ifvtex.sty
Package: ifvtex 2010/03/01 v1.5 Detect VTeX and its facilities (HO)
Package ifvtex Info: VTeX not detected.
)
(/usr/share/texlive/texmf-dist/tex/generic/ifxetex/ifxetex.sty
Package: ifxetex 2010/09/12 v0.6 Provides ifxetex conditional
)
\Gm@cnth=\count89
\Gm@cntv=\count90
\c@Gm@tempcnt=\count91
\Gm@bindingoffset=\dimen109
\Gm@wd@mp=\dimen110
\Gm@odd@mp=\dimen111
\Gm@even@mp=\dimen112
\Gm@layoutwidth=\dimen113
\Gm@layoutheight=\dimen114
\Gm@layouthoffset=\dimen115
\Gm@layoutvoffset=\dimen116
\Gm@dimlist=\toks23
)
(/usr/share/texlive/texmf-dist/tex/generic/ulem/ulem.sty
\UL@box=\box28
\UL@hyphenbox=\box29
\UL@skip=\skip55
\UL@hook=\toks24
\UL@height=\dimen117
\UL@pe=\count92
\UL@pixel=\dimen118
\ULC@box=\box30
Package: ulem 2012/05/18
\ULdepth=\dimen119
)
(/usr/share/texlive/texmf-dist/tex/latex/float/float.sty
Package: float 2001/11/08 v1.3d Float enhancements (AL)
\c@float@type=\count93
\float@exts=\toks25
\float@box=\box31
\@float@everytoks=\toks26
\@floatcapt=\box32
)
(/usr/share/texlive/texmf-dist/tex/latex/listings/listings.sty
\lst@mode=\count94
\lst@gtempboxa=\box33
\lst@token=\toks27
\lst@length=\count95
\lst@currlwidth=\dimen120
\lst@column=\count96
\lst@pos=\count97
\lst@lostspace=\dimen121
\lst@width=\dimen122
\lst@newlines=\count98
\lst@lineno=\count99
\lst@maxwidth=\dimen123

(/usr/share/texlive/texmf-dist/tex/latex/listings/lstmisc.sty
File: lstmisc.sty 2014/09/06 1.5e (Carsten Heinz)
\c@lstnumber=\count100
\lst@skipnumbers=\count101
\lst@framebox=\box34
)
(/usr/share/texlive/texmf-dist/tex/latex/listings/listings.cfg
File: listings.cfg 2014/09/06 1.5e listings configuration
))
Package: listings 2014/09/06 1.5e (Carsten Heinz)

(/usr/share/texlive/texmf-dist/tex/latex/hyperref/hyperref.sty
Package: hyperref 2012/11/06 v6.83m Hypertext links for LaTeX

(/usr/share/texlive/texmf-dist/tex/generic/oberdiek/hobsub-hyperref.sty
Package: hobsub-hyperref 2012/05/28 v1.13 Bundle oberdiek, subset hyperref (HO)


(/usr/share/texlive/texmf-dist/tex/generic/oberdiek/hobsub-generic.sty
Package: hobsub-generic 2012/05/28 v1.13 Bundle oberdiek, subset generic (HO)
Package: hobsub 2012/05/28 v1.13 Construct package bundles (HO)
Package hobsub Info: Skipping package `infwarerr' (already loaded).
Package hobsub Info: Skipping package `ltxcmds' (already loaded).
Package: ifluatex 2010/03/01 v1.3 Provides the ifluatex switch (HO)
Package ifluatex Info: LuaTeX not detected.
Package hobsub Info: Skipping package `ifvtex' (already loaded).
Package: intcalc 2007/09/27 v1.1 Expandable calculations with integers (HO)
Package hobsub Info: Skipping package `ifpdf' (already loaded).
Package: etexcmds 2011/02/16 v1.5 Avoid name clashes with e-TeX commands (HO)
Package etexcmds Info: Could not find \expanded.
(etexcmds)             That can mean that you are not using pdfTeX 1.50 or
(etexcmds)             that some package has redefined \expanded.
(etexcmds)             In the latter case, load this package earlier.
Package: kvsetkeys 2012/04/25 v1.16 Key value parser (HO)
Package: kvdefinekeys 2011/04/07 v1.3 Define keys (HO)
Package: pdftexcmds 2011/11/29 v0.20 Utility functions of pdfTeX for LuaTeX (HO
)
Package pdftexcmds Info: LuaTeX not detected.
Package pdftexcmds Info: \pdf@primitive is available.
Package pdftexcmds Info: \pdf@ifprimitive is available.
Package pdftexcmds Info: \pdfdraftmode found.
Package: pdfescape 2011/11/25 v1.13 Implements pdfTeX's escape features (HO)
Package: bigintcalc 2012/04/08 v1.3 Expandable calculations on big integers (HO
)
Package: bitset 2011/01/30 v1.1 Handle bit-vector datatype (HO)
Package: uniquecounter 2011/01/30 v1.2 Provide unlimited unique counter (HO)
)
Package hobsub Info: Skipping package `hobsub' (already loaded).
Package: letltxmacro 2010/09/02 v1.4 Let assignment for LaTeX macros (HO)
Package: hopatch 2012/05/28 v1.2 Wrapper for package hooks (HO)
Package: xcolor-patch 2011/01/30 xcolor patch
Package: atveryend 2011/06/30 v1.8 Hooks at the very end of document (HO)
Package atveryend Info: \enddocument detected (standard20110627).
Package: atbegshi 2011/10/05 v1.16 At begin shipout hook (HO)
Package: refcount 2011/10/16 v3.4 Data extraction from label references (HO)
Package: hycolor 2011/01/30 v1.7 Color options for hyperref/bookmark (HO)
)
(/usr/share/texlive/texmf-dist/tex/latex/oberdiek/auxhook.sty
Package: auxhook 2011/03/04 v1.3 Hooks for auxiliary files (HO)
)
(/usr/share/texlive/texmf-dist/tex/latex/oberdiek/kvoptions.sty
Package: kvoptions 2011/06/30 v3.11 Key value format for package options (HO)
)
\@linkdim=\dimen124
\Hy@linkcounter=\count102
\Hy@pagecounter=\count103

(/usr/share/texlive/texmf-dist/tex/latex/hyperref/pd1enc.def
File: pd1enc.def 2012/11/06 v6.83m Hyperref: PDFDocEncoding definition (HO)
Now handling font encoding PD1 ...
... no UTF-8 mapping file for font encoding PD1
)
\Hy@SavedSpaceFactor=\count104

(/usr/share/texlive/texmf-dist/tex/latex/latexconfig/hyperref.cfg
File: hyperref.cfg 2002/06/06 v1.2 hyperref configuration of TeXLive
)
Package hyperref Info: Hyper figures OFF on input line 4443.
Package hyperref Info: Link nesting OFF on input line 4448.
Package hyperref Info: Hyper index ON on input line 4451.
Package hyperref Info: Plain pages OFF on input line 4458.
Package hyperref Info: Backreferencing OFF on input line 4463.
Package hyperref Info: Implicit mode ON; LaTeX internals redefined.
Package hyperref Info: Bookmarks ON on input line 4688.
\c@Hy@tempcnt=\count105

(/usr/share/texlive/texmf-dist/tex/latex/url/url.sty
\Urlmuskip=\muskip10
Package: url 2013/09/16  ver 3.4  Verb mode for urls, etc.
)
LaTeX Info: Redefining \url on input line 5041.
\XeTeXLinkMargin=\dimen125
\Fld@menulength=\count106
\Field@Width=\dimen126
\Fld@charsize=\dimen127
Package hyperref Info: Hyper figures OFF on input line 6295.
Package hyperref Info: Link nesting OFF on input line 6300.
Package hyperref Info: Hyper index ON on input line 6303.
Package hyperref Info: backreferencing OFF on input line 6310.
Package hyperref Info: Link coloring OFF on input line 6315.
Package hyperref Info: Link coloring with OCG OFF on input line 6320.
Package hyperref Info: PDF/A mode OFF on input line 6325.
LaTeX Info: Redefining \ref on input line 6365.
LaTeX Info: Redefining \pageref on input line 6369.
\Hy@abspage=\count107
\c@Item=\count108
\c@Hfootnote=\count109
)

Package hyperref Message: Driver (autodetected): hpdftex.

(/usr/share/texlive/texmf-dist/tex/latex/hyperref/hpdftex.def
File: hpdftex.def 2012/11/06 v6.83m Hyperref driver for pdfTeX
\Fld@listcount=\count110
\c@bookmark@seq@number=\count111

(/usr/share/texlive/texmf-dist/tex/latex/oberdiek/rerunfilecheck.sty
Package: rerunfilecheck 2011/04/15 v1.7 Rerun checks for auxiliary files (HO)
Package uniquecounter Info: New unique counter `rerunfilecheck' on input line 2
82.
)
\Hy@SectionHShift=\skip56
)
Package hyperref Info: Option `colorlinks' set `true' on input line 131.

(./Ausarbeitung.aux (./Seiten/Projektplanung.aux) (./Seiten/Realisierung.aux))
\openout1 = `Ausarbeitung.aux'.

LaTeX Font Info:    Checking defaults for OML/cmm/m/it on input line 155.
LaTeX Font Info:    ... okay on input line 155.
LaTeX Font Info:    Checking defaults for T1/cmr/m/n on input line 155.
LaTeX Font Info:    ... okay on input line 155.
LaTeX Font Info:    Checking defaults for OT1/cmr/m/n on input line 155.
LaTeX Font Info:    ... okay on input line 155.
LaTeX Font Info:    Checking defaults for OMS/cmsy/m/n on input line 155.
LaTeX Font Info:    ... okay on input line 155.
LaTeX Font Info:    Checking defaults for OMX/cmex/m/n on input line 155.
LaTeX Font Info:    ... okay on input line 155.
LaTeX Font Info:    Checking defaults for U/cmr/m/n on input line 155.
LaTeX Font Info:    ... okay on input line 155.
LaTeX Font Info:    Checking defaults for PD1/pdf/m/n on input line 155.
LaTeX Font Info:    ... okay on input line 155.

(/usr/share/texlive/texmf-dist/tex/context/base/supp-pdf.mkii
[Loading MPS to PDF converter (version 2006.09.02).]
\scratchcounter=\count112
\scratchdimen=\dimen128
\scratchbox=\box35
\nofMPsegments=\count113
\nofMParguments=\count114
\everyMPshowfont=\toks28
\MPscratchCnt=\count115
\MPscratchDim=\dimen129
\MPnumerator=\count116
\makeMPintoPDFobject=\count117
\everyMPtoPDFconversion=\toks29
) (/usr/share/texlive/texmf-dist/tex/latex/oberdiek/epstopdf-base.sty
Package: epstopdf-base 2010/02/09 v2.5 Base part for package epstopdf

(/usr/share/texlive/texmf-dist/tex/latex/oberdiek/grfext.sty
Package: grfext 2010/08/19 v1.1 Manage graphics extensions (HO)
)
Package grfext Info: Graphics extension search list:
(grfext)             [.png,.pdf,.jpg,.mps,.jpeg,.jbig2,.jb2,.PNG,.PDF,.JPG,.JPE
G,.JBIG2,.JB2,.eps]
(grfext)             \AppendGraphicsExtensions on input line 452.

(/usr/share/texlive/texmf-dist/tex/latex/latexconfig/epstopdf-sys.cfg
File: epstopdf-sys.cfg 2010/07/13 v1.3 Configuration of (r)epstopdf for TeX Liv
e
))
*geometry* driver: auto-detecting
*geometry* detected driver: pdftex
*geometry* verbose mode - [ preamble ] result:
* driver: pdftex
* paper: a4paper
* layout: <same size as paper>
* layoutoffset:(h,v)=(0.0pt,0.0pt)
* modes: 
* h-part:(L,W,R)=(71.13188pt, 469.47049pt, 56.9055pt)
* v-part:(T,H,B)=(101.40665pt, 658.28194pt, 85.35826pt)
* \paperwidth=597.50787pt
* \paperheight=845.04684pt
* \textwidth=469.47049pt
* \textheight=658.28194pt
* \oddsidemargin=-1.1381pt
* \evensidemargin=-1.1381pt
* \topmargin=-7.86334pt
* \headheight=12.0pt
* \headsep=25.0pt
* \topskip=12.0pt
* \footskip=30.0pt
* \marginparwidth=35.0pt
* \marginparsep=10.0pt
* \columnsep=10.0pt
* \skip\footins=10.8pt plus 4.0pt minus 2.0pt
* \hoffset=0.0pt
* \voffset=0.0pt
* \mag=1000
* \@twocolumnfalse
* \@twosidefalse
* \@mparswitchfalse
* \@reversemarginfalse
* (1in=72.27pt=25.4mm, 1cm=28.453pt)

\c@lstlisting=\count118
\AtBeginShipoutBox=\box36
Package hyperref Info: Link coloring ON on input line 155.
(/usr/share/texlive/texmf-dist/tex/latex/hyperref/nameref.sty
Package: nameref 2012/10/27 v2.43 Cross-referencing by name of section

(/usr/share/texlive/texmf-dist/tex/generic/oberdiek/gettitlestring.sty
Package: gettitlestring 2010/12/03 v1.4 Cleanup title references (HO)
)
\c@section@level=\count119
)
LaTeX Info: Redefining \ref on input line 155.
LaTeX Info: Redefining \pageref on input line 155.
LaTeX Info: Redefining \nameref on input line 155.

(./Ausarbeitung.out) (./Ausarbeitung.out)
\@outlinefile=\write4
\openout4 = `Ausarbeitung.out'.

Package babel Info: Redefining ngerman shorthand "|
(babel)             in language  on input line 190.
Package babel Info: Redefining ngerman shorthand "~
(babel)             in language  on input line 190.
Package babel Info: Redefining ngerman shorthand "|
(babel)             in language  on input line 190.
Package babel Info: Redefining ngerman shorthand "~
(babel)             in language  on input line 190.
 [1

{/var/lib/texmf/fonts/map/pdftex/updmap/pdftex.map}] (./Ausarbeitung.toc
LaTeX Font Info:    External font `cmex10' loaded for size
(Font)              <12> on input line 4.
LaTeX Font Info:    External font `cmex10' loaded for size
(Font)              <8> on input line 4.
LaTeX Font Info:    External font `cmex10' loaded for size
(Font)              <6> on input line 4.
)
\tf@toc=\write5
\openout5 = `Ausarbeitung.toc'.


<Bilder/HS_OWL_RGB_Rot.jpg, id=136, 5019.75375pt x 1002.74625pt>
File: Bilder/HS_OWL_RGB_Rot.jpg Graphic file (type jpg)

<use Bilder/HS_OWL_RGB_Rot.jpg>
Package pdftex.def Info: Bilder/HS_OWL_RGB_Rot.jpg used on input line 201.
(pdftex.def)             Requested size: 113.81102pt x 22.72147pt.


Package Fancyhdr Warning: \headheight is too small (12.0pt): 
 Make it at least 34.22145pt.
 We now make it that large for the rest of the document.
 This may cause the page layout to be inconsistent, however.

Package babel Info: Redefining ngerman shorthand "|
(babel)             in language  on input line 201.
Package babel Info: Redefining ngerman shorthand "~
(babel)             in language  on input line 201.
Package babel Info: Redefining ngerman shorthand "|
(babel)             in language  on input line 201.
Package babel Info: Redefining ngerman shorthand "~
(babel)             in language  on input line 201.
pdfTeX warning (ext4): destination with the same identifier (name{page.1}) has 
been already used, duplicate ignored
<to be read again> 
                   \relax 
l.201 \include{Seiten/Projektplanung}
                                      [1 <./Bilder/HS_OWL_RGB_Rot.jpg>]
\openout2 = `Seiten/Projektplanung.aux'.


(./Seiten/Projektplanung.tex
Package babel Info: Redefining ngerman shorthand "|
(babel)             in language  on input line 1.
Package babel Info: Redefining ngerman shorthand "~
(babel)             in language  on input line 1.
Package babel Info: Redefining ngerman shorthand "|
(babel)             in language  on input line 5.
Package babel Info: Redefining ngerman shorthand "~
(babel)             in language  on input line 5.
Package babel Info: Redefining ngerman shorthand "|
(babel)             in language  on input line 8.
Package babel Info: Redefining ngerman shorthand "~
(babel)             in language  on input line 8.
File: Bilder/HS_OWL_RGB_Rot.jpg Graphic file (type jpg)
 <use Bilder/HS_OWL_RGB_Rot.jpg>
Package pdftex.def Info: Bilder/HS_OWL_RGB_Rot.jpg used on input line 14.
(pdftex.def)             Requested size: 113.81102pt x 22.72147pt.
Package babel Info: Redefining ngerman shorthand "|
(babel)             in language  on input line 14.
Package babel Info: Redefining ngerman shorthand "~
(babel)             in language  on input line 14.
Package babel Info: Redefining ngerman shorthand "|
(babel)             in language  on input line 14.
Package babel Info: Redefining ngerman shorthand "~
(babel)             in language  on input line 14.
 [2

]
Package babel Info: Redefining ngerman shorthand "|
(babel)             in language  on input line 15.
Package babel Info: Redefining ngerman shorthand "~
(babel)             in language  on input line 15.
LaTeX Font Info:    Try loading font information for OMS+cmr on input line 18.

(/usr/share/texlive/texmf-dist/tex/latex/base/omscmr.fd
File: omscmr.fd 2014/09/29 v2.5h Standard LaTeX font definitions
)
LaTeX Font Info:    Font shape `OMS/cmr/m/n' in size <12> not available
(Font)              Font shape `OMS/cmsy/m/n' tried instead on input line 18.
Package babel Info: Redefining ngerman shorthand "|
(babel)             in language  on input line 30.
Package babel Info: Redefining ngerman shorthand "~
(babel)             in language  on input line 30.

<Bilder/Abbildung1-Geschaeftsprozess.png, id=149, 249.93375pt x 1114.1625pt>
File: Bilder/Abbildung1-Geschaeftsprozess.png Graphic file (type png)

<use Bilder/Abbildung1-Geschaeftsprozess.png>
Package pdftex.def Info: Bilder/Abbildung1-Geschaeftsprozess.png used on input 
line 35.
(pdftex.def)             Requested size: 142.26378pt x 634.21219pt.
File: Bilder/HS_OWL_RGB_Rot.jpg Graphic file (type jpg)
 <use Bilder/HS_OWL_RGB_Rot.jpg>
Package pdftex.def Info: Bilder/HS_OWL_RGB_Rot.jpg used on input line 39.
(pdftex.def)             Requested size: 113.81102pt x 22.72147pt.
Package babel Info: Redefining ngerman shorthand "|
(babel)             in language  on input line 39.
Package babel Info: Redefining ngerman shorthand "~
(babel)             in language  on input line 39.
Package babel Info: Redefining ngerman shorthand "|
(babel)             in language  on input line 39.
Package babel Info: Redefining ngerman shorthand "~
(babel)             in language  on input line 39.

[3]
Overfull \vbox (2.76302pt too high) has occurred while \output is active []

File: Bilder/HS_OWL_RGB_Rot.jpg Graphic file (type jpg)

<use Bilder/HS_OWL_RGB_Rot.jpg>
Package pdftex.def Info: Bilder/HS_OWL_RGB_Rot.jpg used on input line 39.
(pdftex.def)             Requested size: 113.81102pt x 22.72147pt.
Package babel Info: Redefining ngerman shorthand "|
(babel)             in language  on input line 39.
Package babel Info: Redefining ngerman shorthand "~
(babel)             in language  on input line 39.
Package babel Info: Redefining ngerman shorthand "|
(babel)             in language  on input line 39.
Package babel Info: Redefining ngerman shorthand "~
(babel)             in language  on input line 39.
 [4 <./Bilder/Abbildung1-Geschaeftsprozess.png>]
Package babel Info: Redefining ngerman shorthand "|
(babel)             in language  on input line 41.
Package babel Info: Redefining ngerman shorthand "~
(babel)             in language  on input line 41.
<Bilder/Risikoanalyse1.png, id=164, 606.01407pt x 231.11343pt>
File: Bilder/Risikoanalyse1.png Graphic file (type png)

<use Bilder/Risikoanalyse1.png>
Package pdftex.def Info: Bilder/Risikoanalyse1.png used on input line 47.
(pdftex.def)             Requested size: 426.79134pt x 162.76572pt.
File: Bilder/HS_OWL_RGB_Rot.jpg Graphic file (type jpg)
 <use Bilder/HS_OWL_RGB_Rot.jpg>
Package pdftex.def Info: Bilder/HS_OWL_RGB_Rot.jpg used on input line 63.
(pdftex.def)             Requested size: 113.81102pt x 22.72147pt.
Package babel Info: Redefining ngerman shorthand "|
(babel)             in language  on input line 63.
Package babel Info: Redefining ngerman shorthand "~
(babel)             in language  on input line 63.
Package babel Info: Redefining ngerman shorthand "|
(babel)             in language  on input line 63.
Package babel Info: Redefining ngerman shorthand "~
(babel)             in language  on input line 63.
 [5 <./Bilder/Risikoanalyse1.png>]
<Bilder/Risikoanalyse2.png, id=171, 559.33969pt x 232.61906pt>
File: Bilder/Risikoanalyse2.png Graphic file (type png)

<use Bilder/Risikoanalyse2.png>
Package pdftex.def Info: Bilder/Risikoanalyse2.png used on input line 66.
(pdftex.def)             Requested size: 426.79134pt x 177.50221pt.
Package babel Info: Redefining ngerman shorthand "|
(babel)             in language  on input line 73.
Package babel Info: Redefining ngerman shorthand "~
(babel)             in language  on input line 73.

Overfull \hbox (6.0605pt too wide) in paragraph at lines 76--76
[]\T1/cmr/bx/n/14.4 Wahl der Pro-gram-mier-ent-wick-lungs-um-ge-bung und des Ve
rsions-
 []

Package babel Info: Redefining ngerman shorthand "|
(babel)             in language  on input line 76.
Package babel Info: Redefining ngerman shorthand "~
(babel)             in language  on input line 76.
File: Bilder/HS_OWL_RGB_Rot.jpg Graphic file (type jpg)
<use Bilder/HS_OWL_RGB_Rot.jpg>
Package pdftex.def Info: Bilder/HS_OWL_RGB_Rot.jpg used on input line 80.
(pdftex.def)             Requested size: 113.81102pt x 22.72147pt.
Package babel Info: Redefining ngerman shorthand "|
(babel)             in language  on input line 80.
Package babel Info: Redefining ngerman shorthand "~
(babel)             in language  on input line 80.
Package babel Info: Redefining ngerman shorthand "|
(babel)             in language  on input line 80.
Package babel Info: Redefining ngerman shorthand "~
(babel)             in language  on input line 80.
 [6 <./Bilder/Risikoanalyse2.png>]
Package babel Info: Redefining ngerman shorthand "|
(babel)             in language  on input line 82.
Package babel Info: Redefining ngerman shorthand "~
(babel)             in language  on input line 82.

<Bilder/ordnerstruktur.png, id=179, 200.58612pt x 398.22244pt>
File: Bilder/ordnerstruktur.png Graphic file (type png)

<use Bilder/ordnerstruktur.png>
Package pdftex.def Info: Bilder/ordnerstruktur.png used on input line 88.
(pdftex.def)             Requested size: 128.0374pt x 254.19916pt.
File: Bilder/HS_OWL_RGB_Rot.jpg Graphic file (type jpg)
 <use Bilder/HS_OWL_RGB_Rot.jpg>
Package pdftex.def Info: Bilder/HS_OWL_RGB_Rot.jpg used on input line 92.
(pdftex.def)             Requested size: 113.81102pt x 22.72147pt.
Package babel Info: Redefining ngerman shorthand "|
(babel)             in language  on input line 92.
Package babel Info: Redefining ngerman shorthand "~
(babel)             in language  on input line 92.
Package babel Info: Redefining ngerman shorthand "|
(babel)             in language  on input line 92.
Package babel Info: Redefining ngerman shorthand "~
(babel)             in language  on input line 92.
 [7]
File: Bilder/HS_OWL_RGB_Rot.jpg Graphic file (type jpg)

<use Bilder/HS_OWL_RGB_Rot.jpg>
Package pdftex.def Info: Bilder/HS_OWL_RGB_Rot.jpg used on input line 95.
(pdftex.def)             Requested size: 113.81102pt x 22.72147pt.
Package babel Info: Redefining ngerman shorthand "|
(babel)             in language  on input line 95.
Package babel Info: Redefining ngerman shorthand "~
(babel)             in language  on input line 95.
Package babel Info: Redefining ngerman shorthand "|
(babel)             in language  on input line 95.
Package babel Info: Redefining ngerman shorthand "~
(babel)             in language  on input line 95.
 [8 <./Bilder/ordnerstruktur.png>]
Package babel Info: Redefining ngerman shorthand "|
(babel)             in language  on input line 96.
Package babel Info: Redefining ngerman shorthand "~
(babel)             in language  on input line 96.
)
File: Bilder/HS_OWL_RGB_Rot.jpg Graphic file (type jpg)

<use Bilder/HS_OWL_RGB_Rot.jpg>
Package pdftex.def Info: Bilder/HS_OWL_RGB_Rot.jpg used on input line 201.
(pdftex.def)             Requested size: 113.81102pt x 22.72147pt.
Package babel Info: Redefining ngerman shorthand "|
(babel)             in language  on input line 201.
Package babel Info: Redefining ngerman shorthand "~
(babel)             in language  on input line 201.
Package babel Info: Redefining ngerman shorthand "|
(babel)             in language  on input line 201.
Package babel Info: Redefining ngerman shorthand "~
(babel)             in language  on input line 201.
 [9]
\openout2 = `Seiten/Realisierung.aux'.

 (./Seiten/Realisierung.tex
Package babel Info: Redefining ngerman shorthand "|
(babel)             in language  on input line 1.
Package babel Info: Redefining ngerman shorthand "~
(babel)             in language  on input line 1.
Package babel Info: Redefining ngerman shorthand "|
(babel)             in language  on input line 4.
Package babel Info: Redefining ngerman shorthand "~
(babel)             in language  on input line 4.
File: Bilder/HS_OWL_RGB_Rot.jpg Graphic file (type jpg)

<use Bilder/HS_OWL_RGB_Rot.jpg>
Package pdftex.def Info: Bilder/HS_OWL_RGB_Rot.jpg used on input line 43.
(pdftex.def)             Requested size: 113.81102pt x 22.72147pt.
Package babel Info: Redefining ngerman shorthand "|
(babel)             in language  on input line 43.
Package babel Info: Redefining ngerman shorthand "~
(babel)             in language  on input line 43.
Package babel Info: Redefining ngerman shorthand "|
(babel)             in language  on input line 43.
Package babel Info: Redefining ngerman shorthand "~
(babel)             in language  on input line 43.
 [10


]
File: Bilder/HS_OWL_RGB_Rot.jpg Graphic file (type jpg)
 <use Bilder/HS_OWL_RGB_Rot.jpg>
Package pdftex.def Info: Bilder/HS_OWL_RGB_Rot.jpg used on input line 75.
(pdftex.def)             Requested size: 113.81102pt x 22.72147pt.
Package babel Info: Redefining ngerman shorthand "|
(babel)             in language  on input line 75.
Package babel Info: Redefining ngerman shorthand "~
(babel)             in language  on input line 75.
Package babel Info: Redefining ngerman shorthand "|
(babel)             in language  on input line 75.
Package babel Info: Redefining ngerman shorthand "~
(babel)             in language  on input line 75.
 [11]
Package babel Info: Redefining ngerman shorthand "|
(babel)             in language  on input line 76.
Package babel Info: Redefining ngerman shorthand "~
(babel)             in language  on input line 76.
Package babel Info: Redefining ngerman shorthand "|
(babel)             in language  on input line 81.
Package babel Info: Redefining ngerman shorthand "~
(babel)             in language  on input line 81.

<Bilder/Abbildung2-GroberDesignEntwurfDesWebshops.png, id=214, 612.8496pt x 606
.1044pt>
File: Bilder/Abbildung2-GroberDesignEntwurfDesWebshops.png Graphic file (type p
ng)
 <use Bilder/Abbildung2-GroberDesignEntwurfDesWebshops.png>
Package pdftex.def Info: Bilder/Abbildung2-GroberDesignEntwurfDesWebshops.png u
sed on input line 87.
(pdftex.def)             Requested size: 426.79134pt x 422.09682pt.
Package babel Info: Redefining ngerman shorthand "|
(babel)             in language  on input line 92.
Package babel Info: Redefining ngerman shorthand "~
(babel)             in language  on input line 92.
File: Bilder/HS_OWL_RGB_Rot.jpg Graphic file (type jpg)

<use Bilder/HS_OWL_RGB_Rot.jpg>
Package pdftex.def Info: Bilder/HS_OWL_RGB_Rot.jpg used on input line 96.
(pdftex.def)             Requested size: 113.81102pt x 22.72147pt.
Package babel Info: Redefining ngerman shorthand "|
(babel)             in language  on input line 96.
Package babel Info: Redefining ngerman shorthand "~
(babel)             in language  on input line 96.
Package babel Info: Redefining ngerman shorthand "|
(babel)             in language  on input line 96.
Package babel Info: Redefining ngerman shorthand "~
(babel)             in language  on input line 96.
 [12 <./Bilder/Abbildung2-GroberDesignEntwurfDesWebshops.png>]
Package babel Info: Redefining ngerman shorthand "|
(babel)             in language  on input line 96.
Package babel Info: Redefining ngerman shorthand "~
(babel)             in language  on input line 96.

<Bilder/Abbildung3-Seitenprototyp.png, id=222, 515.80942pt x 550.52736pt>
File: Bilder/Abbildung3-Seitenprototyp.png Graphic file (type png)

<use Bilder/Abbildung3-Seitenprototyp.png>
Package pdftex.def Info: Bilder/Abbildung3-Seitenprototyp.png used on input lin
e 104.
(pdftex.def)             Requested size: 426.79134pt x 455.53471pt.
File: Bilder/HS_OWL_RGB_Rot.jpg Graphic file (type jpg)
 <use Bilder/HS_OWL_RGB_Rot.jpg>
Package pdftex.def Info: Bilder/HS_OWL_RGB_Rot.jpg used on input line 108.
(pdftex.def)             Requested size: 113.81102pt x 22.72147pt.
Package babel Info: Redefining ngerman shorthand "|
(babel)             in language  on input line 108.
Package babel Info: Redefining ngerman shorthand "~
(babel)             in language  on input line 108.
Package babel Info: Redefining ngerman shorthand "|
(babel)             in language  on input line 108.
Package babel Info: Redefining ngerman shorthand "~
(babel)             in language  on input line 108.

[13]
<Bilder/Abbildung4-SeitenprototypMitDropDownMenue.png, id=227, 517.22647pt x 55
0.52736pt>
File: Bilder/Abbildung4-SeitenprototypMitDropDownMenue.png Graphic file (type p
ng)
 <use Bilder/Abbildung4-SeitenprototypMitDropDownMenue.png>
Package pdftex.def Info: Bilder/Abbildung4-SeitenprototypMitDropDownMenue.png u
sed on input line 112.
(pdftex.def)             Requested size: 426.79134pt x 454.27467pt.
File: Bilder/HS_OWL_RGB_Rot.jpg Graphic file (type jpg)

<use Bilder/HS_OWL_RGB_Rot.jpg>
Package pdftex.def Info: Bilder/HS_OWL_RGB_Rot.jpg used on input line 116.
(pdftex.def)             Requested size: 113.81102pt x 22.72147pt.
Package babel Info: Redefining ngerman shorthand "|
(babel)             in language  on input line 116.
Package babel Info: Redefining ngerman shorthand "~
(babel)             in language  on input line 116.
Package babel Info: Redefining ngerman shorthand "|
(babel)             in language  on input line 116.
Package babel Info: Redefining ngerman shorthand "~
(babel)             in language  on input line 116.
 [14 <./Bilder/Abbildung3-Seitenprototyp.png>]
Package babel Info: Redefining ngerman shorthand "|
(babel)             in language  on input line 121.
Package babel Info: Redefining ngerman shorthand "~
(babel)             in language  on input line 121.

<Bilder/Abbildung5-StartseiteDesWebshops.png, id=234, 637.47594pt x 550.8883pt>
File: Bilder/Abbildung5-StartseiteDesWebshops.png Graphic file (type png)
<use Bilder/Abbildung5-StartseiteDesWebshops.png>
Package pdftex.def Info: Bilder/Abbildung5-StartseiteDesWebshops.png used on in
put line 128.
(pdftex.def)             Requested size: 426.79134pt x 368.81586pt.
File: Bilder/HS_OWL_RGB_Rot.jpg Graphic file (type jpg)

<use Bilder/HS_OWL_RGB_Rot.jpg>
Package pdftex.def Info: Bilder/HS_OWL_RGB_Rot.jpg used on input line 132.
(pdftex.def)             Requested size: 113.81102pt x 22.72147pt.
Package babel Info: Redefining ngerman shorthand "|
(babel)             in language  on input line 132.
Package babel Info: Redefining ngerman shorthand "~
(babel)             in language  on input line 132.
Package babel Info: Redefining ngerman shorthand "|
(babel)             in language  on input line 132.
Package babel Info: Redefining ngerman shorthand "~
(babel)             in language  on input line 132.
 [15 <./Bilder/Abbildung4-SeitenprototypMitDropDownMenue.png>]
Package babel Info: Redefining ngerman shorthand "|
(babel)             in language  on input line 134.
Package babel Info: Redefining ngerman shorthand "~
(babel)             in language  on input line 134.

<Bilder/Abbildung6-ImpressumDesWebshops.png, id=241, 731.11981pt x 432.91835pt>
File: Bilder/Abbildung6-ImpressumDesWebshops.png Graphic file (type png)
<use Bilder/Abbildung6-ImpressumDesWebshops.png>
Package pdftex.def Info: Bilder/Abbildung6-ImpressumDesWebshops.png used on inp
ut line 140.
(pdftex.def)             Requested size: 426.79134pt x 252.72444pt.
File: Bilder/HS_OWL_RGB_Rot.jpg Graphic file (type jpg)

<use Bilder/HS_OWL_RGB_Rot.jpg>
Package pdftex.def Info: Bilder/HS_OWL_RGB_Rot.jpg used on input line 144.
(pdftex.def)             Requested size: 113.81102pt x 22.72147pt.
Package babel Info: Redefining ngerman shorthand "|
(babel)             in language  on input line 144.
Package babel Info: Redefining ngerman shorthand "~
(babel)             in language  on input line 144.
Package babel Info: Redefining ngerman shorthand "|
(babel)             in language  on input line 144.
Package babel Info: Redefining ngerman shorthand "~
(babel)             in language  on input line 144.
 [16 <./Bilder/Abbildung5-StartseiteDesWebshops.png>]
<Bilder/Abbildung7-AGBDesWebshops.png, id=248, 731.11981pt x 468.00087pt>
File: Bilder/Abbildung7-AGBDesWebshops.png Graphic file (type png)

<use Bilder/Abbildung7-AGBDesWebshops.png>
Package pdftex.def Info: Bilder/Abbildung7-AGBDesWebshops.png used on input lin
e 147.
(pdftex.def)             Requested size: 426.79134pt x 273.20453pt.

<Bilder/Abbildung8-DatenschutzDesWebshops.png, id=249, 690.79703pt x 537.22832p
t>
File: Bilder/Abbildung8-DatenschutzDesWebshops.png Graphic file (type png)
 <use Bilder/Abbildung8-DatenschutzDesWebshops.png>
Package pdftex.def Info: Bilder/Abbildung8-DatenschutzDesWebshops.png used on i
nput line 154.
(pdftex.def)             Requested size: 426.79134pt x 331.91408pt.
File: Bilder/HS_OWL_RGB_Rot.jpg Graphic file (type jpg)

<use Bilder/HS_OWL_RGB_Rot.jpg>
Package pdftex.def Info: Bilder/HS_OWL_RGB_Rot.jpg used on input line 158.
(pdftex.def)             Requested size: 113.81102pt x 22.72147pt.
Package babel Info: Redefining ngerman shorthand "|
(babel)             in language  on input line 158.
Package babel Info: Redefining ngerman shorthand "~
(babel)             in language  on input line 158.
Package babel Info: Redefining ngerman shorthand "|
(babel)             in language  on input line 158.
Package babel Info: Redefining ngerman shorthand "~
(babel)             in language  on input line 158.
 [17 <./Bilder/Abbildung6-ImpressumDesWebshops.png> <./Bilder/Abbildung7-AGBDes
Webshops.png>]
Package babel Info: Redefining ngerman shorthand "|
(babel)             in language  on input line 159.
Package babel Info: Redefining ngerman shorthand "~
(babel)             in language  on input line 159.

<Bilder/Abbildung9-DynamischeNaviagtionDesWebshops.png, id=258, 733.9264pt x 39
3.62592pt>
File: Bilder/Abbildung9-DynamischeNaviagtionDesWebshops.png Graphic file (type 
png)
 <use Bilder/Abbildung9-DynamischeNaviagtionDesWebshops.png>
Package pdftex.def Info: Bilder/Abbildung9-DynamischeNaviagtionDesWebshops.png 
used on input line 165.
(pdftex.def)             Requested size: 426.79134pt x 228.90381pt.
File: Bilder/HS_OWL_RGB_Rot.jpg Graphic file (type jpg)

<use Bilder/HS_OWL_RGB_Rot.jpg>
Package pdftex.def Info: Bilder/HS_OWL_RGB_Rot.jpg used on input line 170.
(pdftex.def)             Requested size: 113.81102pt x 22.72147pt.
Package babel Info: Redefining ngerman shorthand "|
(babel)             in language  on input line 170.
Package babel Info: Redefining ngerman shorthand "~
(babel)             in language  on input line 170.
Package babel Info: Redefining ngerman shorthand "|
(babel)             in language  on input line 170.
Package babel Info: Redefining ngerman shorthand "~
(babel)             in language  on input line 170.
 [18 <./Bilder/Abbildung8-DatenschutzDesWebshops.png>]
Package babel Info: Redefining ngerman shorthand "|
(babel)             in language  on input line 172.
Package babel Info: Redefining ngerman shorthand "~
(babel)             in language  on input line 172.

<Bilder/Abbildung10-DynamischeArtikelauflistungAllerCitybikes.png, id=266, 733.
9264pt x 316.44437pt>
File: Bilder/Abbildung10-DynamischeArtikelauflistungAllerCitybikes.png Graphic 
file (type png)

<use Bilder/Abbildung10-DynamischeArtikelauflistungAllerCitybikes.png>
Package pdftex.def Info: Bilder/Abbildung10-DynamischeArtikelauflistungAllerCit
ybikes.png used on input line 178.
(pdftex.def)             Requested size: 426.79134pt x 184.0207pt.
File: Bilder/HS_OWL_RGB_Rot.jpg Graphic file (type jpg)

<use Bilder/HS_OWL_RGB_Rot.jpg>
Package pdftex.def Info: Bilder/HS_OWL_RGB_Rot.jpg used on input line 183.
(pdftex.def)             Requested size: 113.81102pt x 22.72147pt.
Package babel Info: Redefining ngerman shorthand "|
(babel)             in language  on input line 183.
Package babel Info: Redefining ngerman shorthand "~
(babel)             in language  on input line 183.
Package babel Info: Redefining ngerman shorthand "|
(babel)             in language  on input line 183.
Package babel Info: Redefining ngerman shorthand "~
(babel)             in language  on input line 183.
 [19 <./Bilder/Abbildung9-DynamischeNaviagtionDesWebshops.png>]
Package babel Info: Redefining ngerman shorthand "|
(babel)             in language  on input line 185.
Package babel Info: Redefining ngerman shorthand "~
(babel)             in language  on input line 185.

<Bilder/Abbildung11-DynamischeDetailierteArtikelbeschreibung.png, id=273, 560.0
925pt x 534.49687pt>
File: Bilder/Abbildung11-DynamischeDetailierteArtikelbeschreibung.png Graphic f
ile (type png)

<use Bilder/Abbildung11-DynamischeDetailierteArtikelbeschreibung.png>
Package pdftex.def Info: Bilder/Abbildung11-DynamischeDetailierteArtikelbeschre
ibung.png used on input line 191.
(pdftex.def)             Requested size: 426.79134pt x 407.30655pt.
File: Bilder/HS_OWL_RGB_Rot.jpg Graphic file (type jpg)

<use Bilder/HS_OWL_RGB_Rot.jpg>
Package pdftex.def Info: Bilder/HS_OWL_RGB_Rot.jpg used on input line 196.
(pdftex.def)             Requested size: 113.81102pt x 22.72147pt.
Package babel Info: Redefining ngerman shorthand "|
(babel)             in language  on input line 196.
Package babel Info: Redefining ngerman shorthand "~
(babel)             in language  on input line 196.
Package babel Info: Redefining ngerman shorthand "|
(babel)             in language  on input line 196.
Package babel Info: Redefining ngerman shorthand "~
(babel)             in language  on input line 196.
 [20 <./Bilder/Abbildung10-DynamischeArtikelauflistungAllerCitybikes.png>]
<Bilder/Abbildung12-DynamischeDetailierteArtikelbeschreibungFertig.png, id=280,
 701.62125pt x 385.44pt>
File: Bilder/Abbildung12-DynamischeDetailierteArtikelbeschreibungFertig.png Gra
phic file (type png)

<use Bilder/Abbildung12-DynamischeDetailierteArtikelbeschreibungFertig.png>
Package pdftex.def Info: Bilder/Abbildung12-DynamischeDetailierteArtikelbeschre
ibungFertig.png used on input line 203.
(pdftex.def)             Requested size: 426.79134pt x 234.46523pt.
File: Bilder/HS_OWL_RGB_Rot.jpg Graphic file (type jpg)

<use Bilder/HS_OWL_RGB_Rot.jpg>
Package pdftex.def Info: Bilder/HS_OWL_RGB_Rot.jpg used on input line 208.
(pdftex.def)             Requested size: 113.81102pt x 22.72147pt.
Package babel Info: Redefining ngerman shorthand "|
(babel)             in language  on input line 208.
Package babel Info: Redefining ngerman shorthand "~
(babel)             in language  on input line 208.
Package babel Info: Redefining ngerman shorthand "|
(babel)             in language  on input line 208.
Package babel Info: Redefining ngerman shorthand "~
(babel)             in language  on input line 208.
 [21 <./Bilder/Abbildung11-DynamischeDetailierteArtikelbeschreibung.png>]
<Bilder/Abbildung13-Lightbox.png, id=287, 734.04819pt x 453.33pt>
File: Bilder/Abbildung13-Lightbox.png Graphic file (type png)

<use Bilder/Abbildung13-Lightbox.png>
Package pdftex.def Info: Bilder/Abbildung13-Lightbox.png used on input line 211
.
(pdftex.def)             Requested size: 426.79134pt x 263.57487pt.
Package babel Info: Redefining ngerman shorthand "|
(babel)             in language  on input line 217.
Package babel Info: Redefining ngerman shorthand "~
(babel)             in language  on input line 217.
File: Bilder/HS_OWL_RGB_Rot.jpg Graphic file (type jpg)
 <use Bilder/HS_OWL_RGB_Rot.jpg>
Package pdftex.def Info: Bilder/HS_OWL_RGB_Rot.jpg used on input line 219.
(pdftex.def)             Requested size: 113.81102pt x 22.72147pt.
Package babel Info: Redefining ngerman shorthand "|
(babel)             in language  on input line 219.
Package babel Info: Redefining ngerman shorthand "~
(babel)             in language  on input line 219.
Package babel Info: Redefining ngerman shorthand "|
(babel)             in language  on input line 219.
Package babel Info: Redefining ngerman shorthand "~
(babel)             in language  on input line 219.
 [22 <./Bilder/Abbildung12-DynamischeDetailierteArtikelbeschreibungFertig.png> 
<./Bilder/Abbildung13-Lightbox.png>]
Package babel Info: Redefining ngerman shorthand "|
(babel)             in language  on input line 220.
Package babel Info: Redefining ngerman shorthand "~
(babel)             in language  on input line 220.

Underfull \hbox (badness 10000) in paragraph at lines 221--222

 []


Underfull \hbox (badness 10000) in paragraph at lines 223--225

 []

File: Bilder/HS_OWL_RGB_Rot.jpg Graphic file (type jpg)
<use Bilder/HS_OWL_RGB_Rot.jpg>
Package pdftex.def Info: Bilder/HS_OWL_RGB_Rot.jpg used on input line 233.
(pdftex.def)             Requested size: 113.81102pt x 22.72147pt.
Package babel Info: Redefining ngerman shorthand "|
(babel)             in language  on input line 233.
Package babel Info: Redefining ngerman shorthand "~
(babel)             in language  on input line 233.
Package babel Info: Redefining ngerman shorthand "|
(babel)             in language  on input line 233.
Package babel Info: Redefining ngerman shorthand "~
(babel)             in language  on input line 233.
 [23]
<Bilder/Abbildung10-erd_alt.jpg, id=302, 1035.87pt x 651.43375pt>
File: Bilder/Abbildung10-erd_alt.jpg Graphic file (type jpg)

<use Bilder/Abbildung10-erd_alt.jpg>
Package pdftex.def Info: Bilder/Abbildung10-erd_alt.jpg used on input line 238.

(pdftex.def)             Requested size: 426.79134pt x 268.40164pt.
File: Bilder/HS_OWL_RGB_Rot.jpg Graphic file (type jpg)
 <use Bilder/HS_OWL_RGB_Rot.jpg>
Package pdftex.def Info: Bilder/HS_OWL_RGB_Rot.jpg used on input line 245.
(pdftex.def)             Requested size: 113.81102pt x 22.72147pt.
Package babel Info: Redefining ngerman shorthand "|
(babel)             in language  on input line 245.
Package babel Info: Redefining ngerman shorthand "~
(babel)             in language  on input line 245.
Package babel Info: Redefining ngerman shorthand "|
(babel)             in language  on input line 245.
Package babel Info: Redefining ngerman shorthand "~
(babel)             in language  on input line 245.
 [24 <./Bilder/Abbildung10-erd_alt.jpg>]
<Bilder/Abbildung11-erd.jpg, id=309, 1489.565pt x 875.27pt>
File: Bilder/Abbildung11-erd.jpg Graphic file (type jpg)

<use Bilder/Abbildung11-erd.jpg>
Package pdftex.def Info: Bilder/Abbildung11-erd.jpg used on input line 251.
(pdftex.def)             Requested size: 426.79134pt x 250.77673pt.

<Bilder/Abbildung12-mysql_apis.png, id=310, 676.5275pt x 433.62pt>
File: Bilder/Abbildung12-mysql_apis.png Graphic file (type png)

<use Bilder/Abbildung12-mysql_apis.png>
Package pdftex.def Info: Bilder/Abbildung12-mysql_apis.png used on input line 2
66.
(pdftex.def)             Requested size: 426.79134pt x 273.55919pt.
File: Bilder/HS_OWL_RGB_Rot.jpg Graphic file (type jpg)
 <use Bilder/HS_OWL_RGB_Rot.jpg>
Package pdftex.def Info: Bilder/HS_OWL_RGB_Rot.jpg used on input line 269.
(pdftex.def)             Requested size: 113.81102pt x 22.72147pt.
Package babel Info: Redefining ngerman shorthand "|
(babel)             in language  on input line 269.
Package babel Info: Redefining ngerman shorthand "~
(babel)             in language  on input line 269.
Package babel Info: Redefining ngerman shorthand "|
(babel)             in language  on input line 269.
Package babel Info: Redefining ngerman shorthand "~
(babel)             in language  on input line 269.

[25 <./Bilder/Abbildung11-erd.jpg>]
File: Bilder/HS_OWL_RGB_Rot.jpg Graphic file (type jpg)
 <use Bilder/HS_OWL_RGB_Rot.jpg>
Package pdftex.def Info: Bilder/HS_OWL_RGB_Rot.jpg used on input line 276.
(pdftex.def)             Requested size: 113.81102pt x 22.72147pt.
Package babel Info: Redefining ngerman shorthand "|
(babel)             in language  on input line 276.
Package babel Info: Redefining ngerman shorthand "~
(babel)             in language  on input line 276.
Package babel Info: Redefining ngerman shorthand "|
(babel)             in language  on input line 276.
Package babel Info: Redefining ngerman shorthand "~
(babel)             in language  on input line 276.
 [26 <./Bilder/Abbildung12-mysql_apis.png>]
(/usr/share/texlive/texmf-dist/tex/latex/listings/lstlang1.sty
File: lstlang1.sty 2014/09/06 1.5e listings language file
)
(/usr/share/texlive/texmf-dist/tex/latex/listings/lstlang2.sty
File: lstlang2.sty 2014/09/06 1.5e listings language file
)
LaTeX Font Info:    Try loading font information for T1+cmtt on input line 279.


(/usr/share/texlive/texmf-dist/tex/latex/base/t1cmtt.fd
File: t1cmtt.fd 2014/09/29 v2.5h Standard LaTeX font definitions
)
(/usr/share/texlive/texmf-dist/tex/latex/base/utf8.def
File: utf8.def 2014/09/29 v1.1m UTF-8 support for inputenc
)
(./Quellcode/config.php.inc)
File: Bilder/HS_OWL_RGB_Rot.jpg Graphic file (type jpg)
 <use Bilder/HS_OWL_RGB_Rot.jpg>
Package pdftex.def Info: Bilder/HS_OWL_RGB_Rot.jpg used on input line 286.
(pdftex.def)             Requested size: 113.81102pt x 22.72147pt.
Package babel Info: Redefining ngerman shorthand "|
(babel)             in language  on input line 286.
Package babel Info: Redefining ngerman shorthand "~
(babel)             in language  on input line 286.
Package babel Info: Redefining ngerman shorthand "|
(babel)             in language  on input line 286.
Package babel Info: Redefining ngerman shorthand "~
(babel)             in language  on input line 286.
 [27]
Package babel Info: Redefining ngerman shorthand "|
(babel)             in language  on input line 287.
Package babel Info: Redefining ngerman shorthand "~
(babel)             in language  on input line 287.

Underfull \hbox (badness 10000) in paragraph at lines 288--289

 []


Underfull \hbox (badness 10000) in paragraph at lines 293--294

 []

<Bilder/Abbildung13_Reg_Vorgang.png, id=346, 330.48468pt x 924.45375pt>
File: Bilder/Abbildung13_Reg_Vorgang.png Graphic file (type png)

<use Bilder/Abbildung13_Reg_Vorgang.png>
Package pdftex.def Info: Bilder/Abbildung13_Reg_Vorgang.png used on input line 
297.
(pdftex.def)             Requested size: 225.0pt x 629.41017pt.
File: Bilder/HS_OWL_RGB_Rot.jpg Graphic file (type jpg)
 <use Bilder/HS_OWL_RGB_Rot.jpg>
Package pdftex.def Info: Bilder/HS_OWL_RGB_Rot.jpg used on input line 302.
(pdftex.def)             Requested size: 113.81102pt x 22.72147pt.
Package babel Info: Redefining ngerman shorthand "|
(babel)             in language  on input line 302.
Package babel Info: Redefining ngerman shorthand "~
(babel)             in language  on input line 302.
Package babel Info: Redefining ngerman shorthand "|
(babel)             in language  on input line 302.
Package babel Info: Redefining ngerman shorthand "~
(babel)             in language  on input line 302.

[28]
Overfull \vbox (10.961pt too high) has occurred while \output is active []

File: Bilder/HS_OWL_RGB_Rot.jpg Graphic file (type jpg)

<use Bilder/HS_OWL_RGB_Rot.jpg>
Package pdftex.def Info: Bilder/HS_OWL_RGB_Rot.jpg used on input line 302.
(pdftex.def)             Requested size: 113.81102pt x 22.72147pt.
Package babel Info: Redefining ngerman shorthand "|
(babel)             in language  on input line 302.
Package babel Info: Redefining ngerman shorthand "~
(babel)             in language  on input line 302.
Package babel Info: Redefining ngerman shorthand "|
(babel)             in language  on input line 302.
Package babel Info: Redefining ngerman shorthand "~
(babel)             in language  on input line 302.
 [29 <./Bilder/Abbildung13_Reg_Vorgang.png>]
Underfull \hbox (badness 10000) in paragraph at lines 304--307

 []

File: Bilder/HS_OWL_RGB_Rot.jpg Graphic file (type jpg)
<use Bilder/HS_OWL_RGB_Rot.jpg>
Package pdftex.def Info: Bilder/HS_OWL_RGB_Rot.jpg used on input line 316.
(pdftex.def)             Requested size: 113.81102pt x 22.72147pt.
Package babel Info: Redefining ngerman shorthand "|
(babel)             in language  on input line 316.
Package babel Info: Redefining ngerman shorthand "~
(babel)             in language  on input line 316.
Package babel Info: Redefining ngerman shorthand "|
(babel)             in language  on input line 316.
Package babel Info: Redefining ngerman shorthand "~
(babel)             in language  on input line 316.
 [30]
File: Bilder/HS_OWL_RGB_Rot.jpg Graphic file (type jpg)
 <use Bilder/HS_OWL_RGB_Rot.jpg>
Package pdftex.def Info: Bilder/HS_OWL_RGB_Rot.jpg used on input line 316.
(pdftex.def)             Requested size: 113.81102pt x 22.72147pt.
Package babel Info: Redefining ngerman shorthand "|
(babel)             in language  on input line 316.
Package babel Info: Redefining ngerman shorthand "~
(babel)             in language  on input line 316.
Package babel Info: Redefining ngerman shorthand "|
(babel)             in language  on input line 316.
Package babel Info: Redefining ngerman shorthand "~
(babel)             in language  on input line 316.
 [31]
(/usr/share/texlive/texmf-dist/tex/latex/listings/lstlang1.sty
File: lstlang1.sty 2014/09/06 1.5e listings language file
)
(/usr/share/texlive/texmf-dist/tex/latex/listings/lstmisc.sty
File: lstmisc.sty 2014/09/06 1.5e (Carsten Heinz)
)
(/usr/share/texlive/texmf-dist/tex/latex/base/utf8.def
File: utf8.def 2014/09/29 v1.1m UTF-8 support for inputenc
)
(./Quellcode/login-formular.php.inc)
Overfull \hbox (5.144pt too wide) in paragraph at lines 323--328
\T1/cmr/m/n/12 dung_durchfuehren.php.inc^^P, ^^Rkun-de_aktivieren.php.inc^^P un
d ^^Rkun-de_aendern.php.inc^^P. Der
 []


Underfull \hbox (badness 10000) in paragraph at lines 323--328

 []

File: Bilder/HS_OWL_RGB_Rot.jpg Graphic file (type jpg)
<use Bilder/HS_OWL_RGB_Rot.jpg>
Package pdftex.def Info: Bilder/HS_OWL_RGB_Rot.jpg used on input line 328.
(pdftex.def)             Requested size: 113.81102pt x 22.72147pt.
Package babel Info: Redefining ngerman shorthand "|
(babel)             in language  on input line 328.
Package babel Info: Redefining ngerman shorthand "~
(babel)             in language  on input line 328.
Package babel Info: Redefining ngerman shorthand "|
(babel)             in language  on input line 328.
Package babel Info: Redefining ngerman shorthand "~
(babel)             in language  on input line 328.
 [32]
Underfull \hbox (badness 10000) in paragraph at lines 329--330

 []

<Bilder/Abbildung14_Loginbereich.png, id=400, 510.90875pt x 342.27875pt>
File: Bilder/Abbildung14_Loginbereich.png Graphic file (type png)

<use Bilder/Abbildung14_Loginbereich.png>
Package pdftex.def Info: Bilder/Abbildung14_Loginbereich.png used on input line
 335.
(pdftex.def)             Requested size: 213.39566pt x 142.96222pt.
File: Bilder/HS_OWL_RGB_Rot.jpg Graphic file (type jpg)
 <use Bilder/HS_OWL_RGB_Rot.jpg>
Package pdftex.def Info: Bilder/HS_OWL_RGB_Rot.jpg used on input line 341.
(pdftex.def)             Requested size: 113.81102pt x 22.72147pt.
Package babel Info: Redefining ngerman shorthand "|
(babel)             in language  on input line 341.
Package babel Info: Redefining ngerman shorthand "~
(babel)             in language  on input line 341.
Package babel Info: Redefining ngerman shorthand "|
(babel)             in language  on input line 341.
Package babel Info: Redefining ngerman shorthand "~
(babel)             in language  on input line 341.

[33 <./Bilder/Abbildung14_Loginbereich.png>]
(/usr/share/texlive/texmf-dist/tex/latex/base/utf8.def
File: utf8.def 2014/09/29 v1.1m UTF-8 support for inputenc
)
(./Quellcode/flylayout.css)
<Bilder/Abbildung15_Menue_Profil_aendern.png, id=407, 278.03876pt x 308.15125pt
>
File: Bilder/Abbildung15_Menue_Profil_aendern.png Graphic file (type png)
 <use Bilder/Abbildung15_Menue_Profil_aendern.png>
Package pdftex.def Info: Bilder/Abbildung15_Menue_Profil_aendern.png used on in
put line 352.
(pdftex.def)             Requested size: 156.49014pt x 173.43808pt.

<Bilder/formulare_profil_aendern.png, id=408, 547.78566pt x 486.51326pt>
File: Bilder/formulare_profil_aendern.png Graphic file (type png)

<use Bilder/formulare_profil_aendern.png>
Package pdftex.def Info: Bilder/formulare_profil_aendern.png used on input line
 360.
(pdftex.def)             Requested size: 369.88582pt x 328.50848pt.
File: Bilder/HS_OWL_RGB_Rot.jpg Graphic file (type jpg)
 <use Bilder/HS_OWL_RGB_Rot.jpg>
Package pdftex.def Info: Bilder/HS_OWL_RGB_Rot.jpg used on input line 364.
(pdftex.def)             Requested size: 113.81102pt x 22.72147pt.
Package babel Info: Redefining ngerman shorthand "|
(babel)             in language  on input line 364.
Package babel Info: Redefining ngerman shorthand "~
(babel)             in language  on input line 364.
Package babel Info: Redefining ngerman shorthand "|
(babel)             in language  on input line 364.
Package babel Info: Redefining ngerman shorthand "~
(babel)             in language  on input line 364.

[34 <./Bilder/Abbildung15_Menue_Profil_aendern.png>]
Overfull \hbox (0.43675pt too wide) in paragraph at lines 364--366
\T1/cmr/m/n/12 ak-ti-viert ist, ber-prft die JavaScript-Funktion ^^Rvor-check
-Ein-ga-beE-mail-Pass-wort()^^P oder ^^Rvor-
 []

File: Bilder/HS_OWL_RGB_Rot.jpg Graphic file (type jpg)
<use Bilder/HS_OWL_RGB_Rot.jpg>
Package pdftex.def Info: Bilder/HS_OWL_RGB_Rot.jpg used on input line 366.
(pdftex.def)             Requested size: 113.81102pt x 22.72147pt.
Package babel Info: Redefining ngerman shorthand "|
(babel)             in language  on input line 366.
Package babel Info: Redefining ngerman shorthand "~
(babel)             in language  on input line 366.
Package babel Info: Redefining ngerman shorthand "|
(babel)             in language  on input line 366.
Package babel Info: Redefining ngerman shorthand "~
(babel)             in language  on input line 366.
 [35 <./Bilder/formulare_profil_aendern.png>]
Package babel Info: Redefining ngerman shorthand "|
(babel)             in language  on input line 367.
Package babel Info: Redefining ngerman shorthand "~
(babel)             in language  on input line 367.

Underfull \hbox (badness 10000) in paragraph at lines 368--369

 []

)
File: Bilder/HS_OWL_RGB_Rot.jpg Graphic file (type jpg)
 <use Bilder/HS_OWL_RGB_Rot.jpg>
Package pdftex.def Info: Bilder/HS_OWL_RGB_Rot.jpg used on input line 204.
(pdftex.def)             Requested size: 113.81102pt x 22.72147pt.
Package babel Info: Redefining ngerman shorthand "|
(babel)             in language  on input line 204.
Package babel Info: Redefining ngerman shorthand "~
(babel)             in language  on input line 204.
Package babel Info: Redefining ngerman shorthand "|
(babel)             in language  on input line 204.
Package babel Info: Redefining ngerman shorthand "~
(babel)             in language  on input line 204.
 [36]
Package atveryend Info: Empty hook `BeforeClearDocument' on input line 208.
Package atveryend Info: Empty hook `AfterLastShipout' on input line 208.
 (./Ausarbeitung.aux
(./Seiten/Projektplanung.aux) (./Seiten/Realisierung.aux))
Package atveryend Info: Executing hook `AtVeryEndDocument' on input line 208.
Package atveryend Info: Executing hook `AtEndAfterFileList' on input line 208.
Package rerunfilecheck Info: File `Ausarbeitung.out' has not changed.
(rerunfilecheck)             Checksum: 3F9C555CC0061F4C178740C0F559345D;2074.
Package atveryend Info: Empty hook `AtVeryVeryEnd' on input line 208.
 ) 
Here is how much of TeX's memory you used:
 11503 strings out of 494927
 169829 string characters out of 6177950
 602844 words of memory out of 5000000
 14384 multiletter control sequences out of 15000+600000
 13954 words of font info for 35 fonts, out of 8000000 for 9000
 39 hyphenation exceptions out of 8191
 34i,18n,54p,1877b,3415s stack positions out of 5000i,500n,10000p,200000b,80000s
 </home/benedikt/.texmf-var/fonts/pk/ljfour/jknappen/ec/ectt1095.600pk> </hom
e/benedikt/.texmf-var/fonts/pk/ljfour/jknappen/ec/ecrm0800.600pk> </home/benedi
kt/.texmf-var/fonts/pk/ljfour/jknappen/ec/ecti1200.600pk> </home/benedikt/.texm
f-var/fonts/pk/ljfour/jknappen/ec/ecbx1440.600pk> </home/benedikt/.texmf-var/fo
nts/pk/ljfour/jknappen/ec/ecbx1200.600pk> </home/benedikt/.texmf-var/fonts/pk/l
jfour/jknappen/ec/ecbx1728.600pk> </home/benedikt/.texmf-var/fonts/pk/ljfour/jk
nappen/ec/ecrm1200.600pk></usr/share/texlive/texmf-dist/fonts/type1/public/amsf
onts/cm/cmsy10.pfb></usr/share/texlive/texmf-dist/fonts/type1/public/amsfonts/c
m/cmsy8.pfb>
Output written on Ausarbeitung.pdf (37 pages, 5439442 bytes).
PDF statistics:
 858 PDF objects out of 1000 (max. 8388607)
 419 compressed objects within 5 object streams
 161 named destinations out of 1000 (max. 500000)
 321 words of extra memory for PDF output out of 10000 (max. 10000000)

