\BOOKMARK [1][-]{section.1}{Projektaufgabenstellung}{}% 1
\BOOKMARK [1][-]{section.2}{Projektplanung}{}% 2
\BOOKMARK [2][-]{subsection.2.1}{Ideenfindung}{section.2}% 3
\BOOKMARK [2][-]{subsection.2.2}{Anforderungsanalyse}{section.2}% 4
\BOOKMARK [2][-]{subsection.2.3}{Gesch\344ftsprozess}{section.2}% 5
\BOOKMARK [2][-]{subsection.2.4}{Risikoanalyse}{section.2}% 6
\BOOKMARK [2][-]{subsection.2.5}{Wahl der Programmiersprache}{section.2}% 7
\BOOKMARK [2][-]{subsection.2.6}{Wahl der Programmierentwicklungsumgebung und des Versions-verwaltungs-Plugin}{section.2}% 8
\BOOKMARK [2][-]{subsection.2.7}{Grundlegender Aufbau und Ordnerstruktur der Webseite}{section.2}% 9
\BOOKMARK [2][-]{subsection.2.8}{Die Test-Server}{section.2}% 10
\BOOKMARK [2][-]{subsection.2.9}{Zeitplan}{section.2}% 11
\BOOKMARK [1][-]{section.3}{Arbeitspakete}{}% 12
\BOOKMARK [2][-]{subsection.3.1}{Einteilung der Arbeitspakete}{section.3}% 13
\BOOKMARK [2][-]{subsection.3.2}{Arbeitspaket von Herrn Schn\374rer}{section.3}% 14
\BOOKMARK [3][-]{subsubsection.3.2.1}{Arbeitspaket 1: Erster Seitenprototyp}{subsection.3.2}% 15
\BOOKMARK [3][-]{subsubsection.3.2.2}{Arbeitspaket 1 und 4: Startseite des Webshops}{subsection.3.2}% 16
\BOOKMARK [3][-]{subsubsection.3.2.3}{Arbeitspaket 3: Seitennavigation}{subsection.3.2}% 17
\BOOKMARK [3][-]{subsubsection.3.2.4}{Arbeitspaket 4: Weitere Arbeiten an der Startseite des Webshops}{subsection.3.2}% 18
\BOOKMARK [3][-]{subsubsection.3.2.5}{Arbeitspaket 4: Rechtsschutz}{subsection.3.2}% 19
\BOOKMARK [3][-]{subsubsection.3.2.6}{Arbeitspaket 3: Dynamische Seitennavigation}{subsection.3.2}% 20
\BOOKMARK [3][-]{subsubsection.3.2.7}{Arbeitspaket 4: Dynamische Artikelauflistung}{subsection.3.2}% 21
\BOOKMARK [3][-]{subsubsection.3.2.8}{Arbeitspaket 4: Detaillierte dynamische Artikelbeschreibung}{subsection.3.2}% 22
\BOOKMARK [3][-]{subsubsection.3.2.9}{Arbeitspaket 4: Startseite-Angebot des Tages}{subsection.3.2}% 23
\BOOKMARK [2][-]{subsection.3.3}{Arbeitspakete von Herrn Br\374ntrup}{section.3}% 24
\BOOKMARK [3][-]{subsubsection.3.3.1}{Arbeitspaket 5: Die Schnittstellendatenbank}{subsection.3.3}% 25
\BOOKMARK [3][-]{subsubsection.3.3.2}{Arbeitspaket 6: Registrierungs- und Anmeldungsfenster designen und programmieren}{subsection.3.3}% 26
\BOOKMARK [3][-]{subsubsection.3.3.3}{Arbeitspaket 7: Entwickeln einer Suchfunktion}{subsection.3.3}% 27
\BOOKMARK [3][-]{subsubsection.3.3.4}{Zum Teil \374bernommenes Arbeitspaket: Warenkorb}{subsection.3.3}% 28
\BOOKMARK [3][-]{subsubsection.3.3.5}{Zum Teil \374bernommenes Arbeitspaket: Bestellvorgang}{subsection.3.3}% 29
\BOOKMARK [2][-]{subsection.3.4}{Arbeitspakete von Raphael Gregarek}{section.3}% 30
\BOOKMARK [3][-]{subsubsection.3.4.1}{Arbeitspaket 8: Warenkorb}{subsection.3.4}% 31
\BOOKMARK [3][-]{subsubsection.3.4.2}{Arbeitspaket 9: Bestellvorgang}{subsection.3.4}% 32
\BOOKMARK [3][-]{subsubsection.3.4.3}{Arbeitspaket 10: Erstellung eines Marketing Mix}{subsection.3.4}% 33
\BOOKMARK [1][-]{section.4}{Sicherheit}{}% 34
\BOOKMARK [2][-]{subsection.4.1}{\214.htaccess\215-Datei}{section.4}% 35
\BOOKMARK [2][-]{subsection.4.2}{Schutz vor: Cross-Site-Scripting \(XSS\) und SQL Injection}{section.4}% 36
\BOOKMARK [1][-]{section.5}{Fazit}{}% 37
\BOOKMARK [2][-]{subsection.5.1}{Motivation innerhalb der Gruppe}{section.5}% 38
\BOOKMARK [2][-]{subsection.5.2}{Zusammenarbeit mit anderen Gruppen}{section.5}% 39
\BOOKMARK [2][-]{subsection.5.3}{Verlauf des Projektes}{section.5}% 40
\BOOKMARK [1][-]{section.6}{Quellenverzeichnis}{}% 41
